<?xml version="1.0" encoding="UTF-8"?>
<testng-results skipped="0" failed="0" total="1" passed="1">
  <reporter-output>
  </reporter-output>
  <suite name="Default suite" duration-ms="2395" started-at="2020-05-10T11:35:35Z" finished-at="2020-05-10T11:35:37Z">
    <groups>
    </groups>
    <test name="Default test" duration-ms="2395" started-at="2020-05-10T11:35:35Z" finished-at="2020-05-10T11:35:37Z">
      <class name="com.phptravels.webtesting.Testcase008">
        <test-method status="PASS" signature="setup()[pri:0, instance:com.phptravels.webtesting.Testcase008@c818063]" name="setup" is-config="true" duration-ms="404" started-at="2020-05-10T13:35:35Z" finished-at="2020-05-10T13:35:36Z">
          <reporter-output>
          </reporter-output>
        </test-method> <!-- setup -->
        <test-method status="PASS" signature="testingHttpResponse()[pri:0, instance:com.phptravels.webtesting.Testcase008@c818063]" name="testingHttpResponse" duration-ms="1648" started-at="2020-05-10T13:35:36Z" finished-at="2020-05-10T13:35:37Z">
          <reporter-output>
          </reporter-output>
        </test-method> <!-- testingHttpResponse -->
        <test-method status="PASS" signature="cleanup(org.testng.ITestResult)[pri:0, instance:com.phptravels.webtesting.Testcase008@c818063]" name="cleanup" is-config="true" duration-ms="332" started-at="2020-05-10T13:35:37Z" finished-at="2020-05-10T13:35:37Z">
          <params>
            <param index="0">
              <value>
                <![CDATA[[TestResult name=testingHttpResponse status=SUCCESS method=Testcase008.testingHttpResponse()[pri:0, instance:com.phptravels.webtesting.Testcase008@c818063] output={null}]]]>
              </value>
            </param>
          </params>
          <reporter-output>
          </reporter-output>
        </test-method> <!-- cleanup -->
      </class> <!-- com.phptravels.webtesting.Testcase008 -->
    </test> <!-- Default test -->
  </suite> <!-- Default suite -->
</testng-results>
